0 info it worked if it ends with ok
1 verbose cli [ '/Users/erinknight/.nvm/v0.10.0/bin/node',
1 verbose cli   '/Users/erinknight/.nvm/v0.10.0/bin/npm',
1 verbose cli   'install' ]
2 info using npm@1.2.14
3 info using node@v0.10.0
4 verbose read json /Users/erinknight/repos/new-hubot/package.json
5 verbose readDependencies using package.json deps
6 verbose install where, deps [ '/Users/erinknight/repos/new-hubot',
6 verbose install   [ 'hubot',
6 verbose install     'hubot-diagnostics',
6 verbose install     'hubot-google-images',
6 verbose install     'hubot-google-translate',
6 verbose install     'hubot-help',
6 verbose install     'hubot-heroku-keepalive',
6 verbose install     'hubot-maps',
6 verbose install     'hubot-pugme',
6 verbose install     'hubot-redis-brain',
6 verbose install     'hubot-rules',
6 verbose install     'hubot-scripts',
6 verbose install     'hubot-slack' ] ]
7 verbose from cache /Users/erinknight/repos/new-hubot/package.json
8 info preinstall hsbot@0.0.0
9 verbose read json /Users/erinknight/repos/new-hubot/node_modules/@slack/package.json
10 verbose read json /Users/erinknight/repos/new-hubot/node_modules/accepts/package.json
11 verbose read json /Users/erinknight/repos/new-hubot/node_modules/agent-base/package.json
12 verbose read json /Users/erinknight/repos/new-hubot/node_modules/ajv/package.json
13 verbose read json /Users/erinknight/repos/new-hubot/node_modules/ansi-regex/package.json
14 verbose read json /Users/erinknight/repos/new-hubot/node_modules/ansi-styles/package.json
15 verbose read json /Users/erinknight/repos/new-hubot/node_modules/array-flatten/package.json
16 verbose read json /Users/erinknight/repos/new-hubot/node_modules/asn1/package.json
17 verbose read json /Users/erinknight/repos/new-hubot/node_modules/assert-plus/package.json
18 verbose read json /Users/erinknight/repos/new-hubot/node_modules/async/package.json
19 verbose read json /Users/erinknight/repos/new-hubot/node_modules/asynckit/package.json
20 verbose read json /Users/erinknight/repos/new-hubot/node_modules/aws-sign2/package.json
21 verbose read json /Users/erinknight/repos/new-hubot/node_modules/aws4/package.json
22 verbose read json /Users/erinknight/repos/new-hubot/node_modules/bcrypt-pbkdf/package.json
23 verbose read json /Users/erinknight/repos/new-hubot/node_modules/bluebird/package.json
24 verbose read json /Users/erinknight/repos/new-hubot/node_modules/body-parser/package.json
25 verbose read json /Users/erinknight/repos/new-hubot/node_modules/bytes/package.json
26 verbose read json /Users/erinknight/repos/new-hubot/node_modules/call-bind/package.json
27 verbose read json /Users/erinknight/repos/new-hubot/node_modules/caseless/package.json
28 verbose read json /Users/erinknight/repos/new-hubot/node_modules/chalk/package.json
29 verbose read json /Users/erinknight/repos/new-hubot/node_modules/cline/package.json
30 verbose read json /Users/erinknight/repos/new-hubot/node_modules/coffeescript/package.json
31 verbose read json /Users/erinknight/repos/new-hubot/node_modules/colors/package.json
32 verbose read json /Users/erinknight/repos/new-hubot/node_modules/combined-stream/package.json
33 verbose read json /Users/erinknight/repos/new-hubot/node_modules/connect-multiparty/package.json
34 verbose read json /Users/erinknight/repos/new-hubot/node_modules/content-disposition/package.json
35 verbose read json /Users/erinknight/repos/new-hubot/node_modules/content-type/package.json
36 verbose read json /Users/erinknight/repos/new-hubot/node_modules/cookie/package.json
37 verbose read json /Users/erinknight/repos/new-hubot/node_modules/cookie-signature/package.json
38 verbose read json /Users/erinknight/repos/new-hubot/node_modules/core-util-is/package.json
39 verbose read json /Users/erinknight/repos/new-hubot/node_modules/cycle/package.json
40 verbose read json /Users/erinknight/repos/new-hubot/node_modules/dashdash/package.json
41 verbose read json /Users/erinknight/repos/new-hubot/node_modules/debug/package.json
42 verbose read json /Users/erinknight/repos/new-hubot/node_modules/delayed-stream/package.json
43 verbose read json /Users/erinknight/repos/new-hubot/node_modules/depd/package.json
44 verbose read json /Users/erinknight/repos/new-hubot/node_modules/destroy/package.json
45 verbose read json /Users/erinknight/repos/new-hubot/node_modules/ecc-jsbn/package.json
46 verbose read json /Users/erinknight/repos/new-hubot/node_modules/ee-first/package.json
47 verbose read json /Users/erinknight/repos/new-hubot/node_modules/encodeurl/package.json
48 verbose read json /Users/erinknight/repos/new-hubot/node_modules/es6-promise/package.json
49 verbose read json /Users/erinknight/repos/new-hubot/node_modules/es6-promisify/package.json
50 verbose read json /Users/erinknight/repos/new-hubot/node_modules/escape-html/package.json
51 verbose read json /Users/erinknight/repos/new-hubot/node_modules/escape-string-regexp/package.json
52 verbose read json /Users/erinknight/repos/new-hubot/node_modules/etag/package.json
53 verbose read json /Users/erinknight/repos/new-hubot/node_modules/eventemitter3/package.json
54 verbose read json /Users/erinknight/repos/new-hubot/node_modules/express/package.json
55 verbose read json /Users/erinknight/repos/new-hubot/node_modules/extend/package.json
56 verbose read json /Users/erinknight/repos/new-hubot/node_modules/extsprintf/package.json
57 verbose read json /Users/erinknight/repos/new-hubot/node_modules/eyes/package.json
58 verbose read json /Users/erinknight/repos/new-hubot/node_modules/fast-deep-equal/package.json
59 verbose read json /Users/erinknight/repos/new-hubot/node_modules/fast-json-stable-stringify/package.json
60 verbose read json /Users/erinknight/repos/new-hubot/node_modules/finalhandler/package.json
61 verbose read json /Users/erinknight/repos/new-hubot/node_modules/forever-agent/package.json
62 verbose read json /Users/erinknight/repos/new-hubot/node_modules/form-data/package.json
63 verbose read json /Users/erinknight/repos/new-hubot/node_modules/forwarded/package.json
64 verbose read json /Users/erinknight/repos/new-hubot/node_modules/fresh/package.json
65 verbose read json /Users/erinknight/repos/new-hubot/node_modules/function-bind/package.json
66 verbose read json /Users/erinknight/repos/new-hubot/node_modules/get-intrinsic/package.json
67 verbose read json /Users/erinknight/repos/new-hubot/node_modules/getpass/package.json
68 verbose read json /Users/erinknight/repos/new-hubot/node_modules/har-schema/package.json
69 verbose read json /Users/erinknight/repos/new-hubot/node_modules/har-validator/package.json
70 verbose read json /Users/erinknight/repos/new-hubot/node_modules/has/package.json
71 verbose read json /Users/erinknight/repos/new-hubot/node_modules/has-ansi/package.json
72 verbose read json /Users/erinknight/repos/new-hubot/node_modules/has-symbols/package.json
73 verbose read json /Users/erinknight/repos/new-hubot/node_modules/http-errors/package.json
74 verbose read json /Users/erinknight/repos/new-hubot/node_modules/http-signature/package.json
75 verbose read json /Users/erinknight/repos/new-hubot/node_modules/https-proxy-agent/package.json
76 verbose read json /Users/erinknight/repos/new-hubot/node_modules/hubot/package.json
77 verbose read json /Users/erinknight/repos/new-hubot/node_modules/hubot-diagnostics/package.json
78 verbose read json /Users/erinknight/repos/new-hubot/node_modules/hubot-google-images/package.json
79 verbose read json /Users/erinknight/repos/new-hubot/node_modules/hubot-google-translate/package.json
80 verbose read json /Users/erinknight/repos/new-hubot/node_modules/hubot-help/package.json
81 verbose read json /Users/erinknight/repos/new-hubot/node_modules/hubot-heroku-keepalive/package.json
82 verbose read json /Users/erinknight/repos/new-hubot/node_modules/hubot-maps/package.json
83 verbose read json /Users/erinknight/repos/new-hubot/node_modules/hubot-pugme/package.json
84 verbose read json /Users/erinknight/repos/new-hubot/node_modules/hubot-redis-brain/package.json
85 verbose read json /Users/erinknight/repos/new-hubot/node_modules/hubot-rules/package.json
86 verbose read json /Users/erinknight/repos/new-hubot/node_modules/hubot-scripts/package.json
87 verbose read json /Users/erinknight/repos/new-hubot/node_modules/hubot-shipit/package.json
88 verbose read json /Users/erinknight/repos/new-hubot/node_modules/hubot-slack/package.json
89 verbose read json /Users/erinknight/repos/new-hubot/node_modules/iconv-lite/package.json
90 verbose read json /Users/erinknight/repos/new-hubot/node_modules/inherits/package.json
91 verbose read json /Users/erinknight/repos/new-hubot/node_modules/ipaddr.js/package.json
92 verbose read json /Users/erinknight/repos/new-hubot/node_modules/is-typedarray/package.json
93 verbose read json /Users/erinknight/repos/new-hubot/node_modules/isstream/package.json
94 verbose read json /Users/erinknight/repos/new-hubot/node_modules/jsbn/package.json
95 verbose read json /Users/erinknight/repos/new-hubot/node_modules/json-schema/package.json
96 verbose read json /Users/erinknight/repos/new-hubot/node_modules/json-schema-traverse/package.json
97 verbose read json /Users/erinknight/repos/new-hubot/node_modules/json-stringify-safe/package.json
98 verbose read json /Users/erinknight/repos/new-hubot/node_modules/jsprim/package.json
99 verbose read json /Users/erinknight/repos/new-hubot/node_modules/lodash/package.json
100 verbose read json /Users/erinknight/repos/new-hubot/node_modules/log/package.json
101 verbose read json /Users/erinknight/repos/new-hubot/node_modules/media-typer/package.json
102 verbose read json /Users/erinknight/repos/new-hubot/node_modules/merge-descriptors/package.json
103 verbose read json /Users/erinknight/repos/new-hubot/node_modules/methods/package.json
104 verbose read json /Users/erinknight/repos/new-hubot/node_modules/mime/package.json
105 verbose read json /Users/erinknight/repos/new-hubot/node_modules/mime-db/package.json
106 verbose read json /Users/erinknight/repos/new-hubot/node_modules/mime-types/package.json
107 verbose read json /Users/erinknight/repos/new-hubot/node_modules/ms/package.json
108 verbose read json /Users/erinknight/repos/new-hubot/node_modules/multiparty/package.json
109 verbose read json /Users/erinknight/repos/new-hubot/node_modules/negotiator/package.json
110 verbose read json /Users/erinknight/repos/new-hubot/node_modules/oauth-sign/package.json
111 verbose read json /Users/erinknight/repos/new-hubot/node_modules/object-inspect/package.json
112 verbose read json /Users/erinknight/repos/new-hubot/node_modules/on-finished/package.json
113 verbose read json /Users/erinknight/repos/new-hubot/node_modules/options/package.json
114 verbose read json /Users/erinknight/repos/new-hubot/node_modules/optparse/package.json
115 verbose read json /Users/erinknight/repos/new-hubot/node_modules/parseurl/package.json
116 verbose read json /Users/erinknight/repos/new-hubot/node_modules/path-to-regexp/package.json
117 verbose read json /Users/erinknight/repos/new-hubot/node_modules/performance-now/package.json
118 verbose read json /Users/erinknight/repos/new-hubot/node_modules/pkginfo/package.json
119 verbose read json /Users/erinknight/repos/new-hubot/node_modules/proxy-addr/package.json
120 verbose read json /Users/erinknight/repos/new-hubot/node_modules/psl/package.json
121 verbose read json /Users/erinknight/repos/new-hubot/node_modules/punycode/package.json
122 verbose read json /Users/erinknight/repos/new-hubot/node_modules/qs/package.json
123 verbose read json /Users/erinknight/repos/new-hubot/node_modules/random-bytes/package.json
124 verbose read json /Users/erinknight/repos/new-hubot/node_modules/range-parser/package.json
125 verbose read json /Users/erinknight/repos/new-hubot/node_modules/raw-body/package.json
126 verbose read json /Users/erinknight/repos/new-hubot/node_modules/redis/package.json
127 verbose read json /Users/erinknight/repos/new-hubot/node_modules/request/package.json
128 verbose read json /Users/erinknight/repos/new-hubot/node_modules/retry/package.json
129 verbose read json /Users/erinknight/repos/new-hubot/node_modules/safe-buffer/package.json
130 verbose read json /Users/erinknight/repos/new-hubot/node_modules/safer-buffer/package.json
131 verbose read json /Users/erinknight/repos/new-hubot/node_modules/scoped-http-client/package.json
132 verbose read json /Users/erinknight/repos/new-hubot/node_modules/send/package.json
133 verbose read json /Users/erinknight/repos/new-hubot/node_modules/serve-static/package.json
134 verbose read json /Users/erinknight/repos/new-hubot/node_modules/setprototypeof/package.json
135 verbose read json /Users/erinknight/repos/new-hubot/node_modules/side-channel/package.json
136 verbose read json /Users/erinknight/repos/new-hubot/node_modules/sshpk/package.json
137 verbose read json /Users/erinknight/repos/new-hubot/node_modules/stack-trace/package.json
138 verbose read json /Users/erinknight/repos/new-hubot/node_modules/statuses/package.json
139 verbose read json /Users/erinknight/repos/new-hubot/node_modules/strip-ansi/package.json
140 verbose read json /Users/erinknight/repos/new-hubot/node_modules/supports-color/package.json
141 verbose read json /Users/erinknight/repos/new-hubot/node_modules/toidentifier/package.json
142 verbose read json /Users/erinknight/repos/new-hubot/node_modules/tough-cookie/package.json
143 verbose read json /Users/erinknight/repos/new-hubot/node_modules/tunnel-agent/package.json
144 verbose read json /Users/erinknight/repos/new-hubot/node_modules/tweetnacl/package.json
145 verbose read json /Users/erinknight/repos/new-hubot/node_modules/type-is/package.json
146 verbose read json /Users/erinknight/repos/new-hubot/node_modules/uid-safe/package.json
147 verbose read json /Users/erinknight/repos/new-hubot/node_modules/ultron/package.json
148 verbose read json /Users/erinknight/repos/new-hubot/node_modules/unpipe/package.json
149 verbose read json /Users/erinknight/repos/new-hubot/node_modules/uri-js/package.json
150 verbose read json /Users/erinknight/repos/new-hubot/node_modules/url-join/package.json
151 verbose read json /Users/erinknight/repos/new-hubot/node_modules/utils-merge/package.json
152 verbose read json /Users/erinknight/repos/new-hubot/node_modules/uuid/package.json
153 verbose read json /Users/erinknight/repos/new-hubot/node_modules/vary/package.json
154 verbose read json /Users/erinknight/repos/new-hubot/node_modules/verror/package.json
155 verbose read json /Users/erinknight/repos/new-hubot/node_modules/winston/package.json
156 verbose read json /Users/erinknight/repos/new-hubot/node_modules/ws/package.json
157 verbose from cache /Users/erinknight/repos/new-hubot/package.json
158 verbose readDependencies using package.json deps
159 verbose read json /Users/erinknight/repos/new-hubot/node_modules/@slack/package.json
160 verbose from cache /Users/erinknight/repos/new-hubot/node_modules/accepts/package.json
161 verbose from cache /Users/erinknight/repos/new-hubot/node_modules/agent-base/package.json
162 verbose from cache /Users/erinknight/repos/new-hubot/node_modules/ajv/package.json
163 verbose from cache /Users/erinknight/repos/new-hubot/node_modules/ansi-regex/package.json
164 verbose from cache /Users/erinknight/repos/new-hubot/node_modules/ansi-styles/package.json
165 verbose from cache /Users/erinknight/repos/new-hubot/node_modules/array-flatten/package.json
166 verbose from cache /Users/erinknight/repos/new-hubot/node_modules/asn1/package.json
167 verbose from cache /Users/erinknight/repos/new-hubot/node_modules/assert-plus/package.json
168 verbose from cache /Users/erinknight/repos/new-hubot/node_modules/async/package.json
169 verbose from cache /Users/erinknight/repos/new-hubot/node_modules/asynckit/package.json
170 verbose from cache /Users/erinknight/repos/new-hubot/node_modules/aws-sign2/package.json
171 verbose from cache /Users/erinknight/repos/new-hubot/node_modules/aws4/package.json
172 verbose from cache /Users/erinknight/repos/new-hubot/node_modules/bcrypt-pbkdf/package.json
173 verbose from cache /Users/erinknight/repos/new-hubot/node_modules/bluebird/package.json
174 verbose from cache /Users/erinknight/repos/new-hubot/node_modules/body-parser/package.json
175 verbose from cache /Users/erinknight/repos/new-hubot/node_modules/bytes/package.json
176 verbose from cache /Users/erinknight/repos/new-hubot/node_modules/call-bind/package.json
177 verbose from cache /Users/erinknight/repos/new-hubot/node_modules/caseless/package.json
178 verbose from cache /Users/erinknight/repos/new-hubot/node_modules/chalk/package.json
179 verbose from cache /Users/erinknight/repos/new-hubot/node_modules/cline/package.json
180 verbose from cache /Users/erinknight/repos/new-hubot/node_modules/coffeescript/package.json
181 verbose from cache /Users/erinknight/repos/new-hubot/node_modules/colors/package.json
182 verbose from cache /Users/erinknight/repos/new-hubot/node_modules/combined-stream/package.json
183 verbose from cache /Users/erinknight/repos/new-hubot/node_modules/connect-multiparty/package.json
184 verbose from cache /Users/erinknight/repos/new-hubot/node_modules/content-disposition/package.json
185 verbose from cache /Users/erinknight/repos/new-hubot/node_modules/content-type/package.json
186 verbose from cache /Users/erinknight/repos/new-hubot/node_modules/cookie/package.json
187 verbose from cache /Users/erinknight/repos/new-hubot/node_modules/cookie-signature/package.json
188 verbose from cache /Users/erinknight/repos/new-hubot/node_modules/core-util-is/package.json
189 verbose from cache /Users/erinknight/repos/new-hubot/node_modules/cycle/package.json
190 verbose from cache /Users/erinknight/repos/new-hubot/node_modules/dashdash/package.json
191 verbose from cache /Users/erinknight/repos/new-hubot/node_modules/debug/package.json
192 verbose from cache /Users/erinknight/repos/new-hubot/node_modules/delayed-stream/package.json
193 verbose from cache /Users/erinknight/repos/new-hubot/node_modules/depd/package.json
194 verbose from cache /Users/erinknight/repos/new-hubot/node_modules/destroy/package.json
195 verbose from cache /Users/erinknight/repos/new-hubot/node_modules/ecc-jsbn/package.json
196 verbose from cache /Users/erinknight/repos/new-hubot/node_modules/ee-first/package.json
197 verbose from cache /Users/erinknight/repos/new-hubot/node_modules/encodeurl/package.json
198 verbose from cache /Users/erinknight/repos/new-hubot/node_modules/es6-promise/package.json
199 verbose from cache /Users/erinknight/repos/new-hubot/node_modules/es6-promisify/package.json
200 verbose from cache /Users/erinknight/repos/new-hubot/node_modules/escape-html/package.json
201 verbose from cache /Users/erinknight/repos/new-hubot/node_modules/escape-string-regexp/package.json
202 verbose from cache /Users/erinknight/repos/new-hubot/node_modules/etag/package.json
203 verbose from cache /Users/erinknight/repos/new-hubot/node_modules/eventemitter3/package.json
204 verbose from cache /Users/erinknight/repos/new-hubot/node_modules/express/package.json
205 verbose from cache /Users/erinknight/repos/new-hubot/node_modules/extend/package.json
206 verbose from cache /Users/erinknight/repos/new-hubot/node_modules/extsprintf/package.json
207 verbose from cache /Users/erinknight/repos/new-hubot/node_modules/eyes/package.json
208 verbose from cache /Users/erinknight/repos/new-hubot/node_modules/fast-deep-equal/package.json
209 verbose from cache /Users/erinknight/repos/new-hubot/node_modules/fast-json-stable-stringify/package.json
210 verbose from cache /Users/erinknight/repos/new-hubot/node_modules/finalhandler/package.json
211 verbose from cache /Users/erinknight/repos/new-hubot/node_modules/forever-agent/package.json
212 verbose from cache /Users/erinknight/repos/new-hubot/node_modules/form-data/package.json
213 verbose from cache /Users/erinknight/repos/new-hubot/node_modules/forwarded/package.json
214 verbose from cache /Users/erinknight/repos/new-hubot/node_modules/fresh/package.json
215 verbose from cache /Users/erinknight/repos/new-hubot/node_modules/function-bind/package.json
216 verbose from cache /Users/erinknight/repos/new-hubot/node_modules/get-intrinsic/package.json
217 verbose from cache /Users/erinknight/repos/new-hubot/node_modules/getpass/package.json
218 verbose from cache /Users/erinknight/repos/new-hubot/node_modules/har-schema/package.json
219 verbose from cache /Users/erinknight/repos/new-hubot/node_modules/har-validator/package.json
220 verbose from cache /Users/erinknight/repos/new-hubot/node_modules/has/package.json
221 verbose from cache /Users/erinknight/repos/new-hubot/node_modules/has-ansi/package.json
222 verbose from cache /Users/erinknight/repos/new-hubot/node_modules/has-symbols/package.json
223 verbose from cache /Users/erinknight/repos/new-hubot/node_modules/http-errors/package.json
224 verbose from cache /Users/erinknight/repos/new-hubot/node_modules/http-signature/package.json
225 verbose from cache /Users/erinknight/repos/new-hubot/node_modules/https-proxy-agent/package.json
226 verbose from cache /Users/erinknight/repos/new-hubot/node_modules/hubot/package.json
227 verbose from cache /Users/erinknight/repos/new-hubot/node_modules/hubot-diagnostics/package.json
228 verbose from cache /Users/erinknight/repos/new-hubot/node_modules/hubot-google-images/package.json
229 verbose from cache /Users/erinknight/repos/new-hubot/node_modules/hubot-google-translate/package.json
230 verbose from cache /Users/erinknight/repos/new-hubot/node_modules/hubot-help/package.json
231 verbose from cache /Users/erinknight/repos/new-hubot/node_modules/hubot-heroku-keepalive/package.json
232 verbose from cache /Users/erinknight/repos/new-hubot/node_modules/hubot-maps/package.json
233 verbose from cache /Users/erinknight/repos/new-hubot/node_modules/hubot-pugme/package.json
234 verbose from cache /Users/erinknight/repos/new-hubot/node_modules/hubot-redis-brain/package.json
235 verbose from cache /Users/erinknight/repos/new-hubot/node_modules/hubot-rules/package.json
236 verbose from cache /Users/erinknight/repos/new-hubot/node_modules/hubot-scripts/package.json
237 verbose from cache /Users/erinknight/repos/new-hubot/node_modules/hubot-shipit/package.json
238 verbose from cache /Users/erinknight/repos/new-hubot/node_modules/hubot-slack/package.json
239 verbose from cache /Users/erinknight/repos/new-hubot/node_modules/iconv-lite/package.json
240 verbose from cache /Users/erinknight/repos/new-hubot/node_modules/inherits/package.json
241 verbose from cache /Users/erinknight/repos/new-hubot/node_modules/ipaddr.js/package.json
242 verbose from cache /Users/erinknight/repos/new-hubot/node_modules/is-typedarray/package.json
243 verbose from cache /Users/erinknight/repos/new-hubot/node_modules/isstream/package.json
244 verbose from cache /Users/erinknight/repos/new-hubot/node_modules/jsbn/package.json
245 verbose from cache /Users/erinknight/repos/new-hubot/node_modules/json-schema/package.json
246 verbose from cache /Users/erinknight/repos/new-hubot/node_modules/json-schema-traverse/package.json
247 verbose from cache /Users/erinknight/repos/new-hubot/node_modules/json-stringify-safe/package.json
248 verbose from cache /Users/erinknight/repos/new-hubot/node_modules/jsprim/package.json
249 verbose from cache /Users/erinknight/repos/new-hubot/node_modules/lodash/package.json
250 verbose from cache /Users/erinknight/repos/new-hubot/node_modules/log/package.json
251 verbose from cache /Users/erinknight/repos/new-hubot/node_modules/media-typer/package.json
252 verbose from cache /Users/erinknight/repos/new-hubot/node_modules/merge-descriptors/package.json
253 verbose from cache /Users/erinknight/repos/new-hubot/node_modules/methods/package.json
254 verbose from cache /Users/erinknight/repos/new-hubot/node_modules/mime/package.json
255 verbose from cache /Users/erinknight/repos/new-hubot/node_modules/mime-db/package.json
256 verbose from cache /Users/erinknight/repos/new-hubot/node_modules/mime-types/package.json
257 verbose from cache /Users/erinknight/repos/new-hubot/node_modules/ms/package.json
258 verbose from cache /Users/erinknight/repos/new-hubot/node_modules/multiparty/package.json
259 verbose from cache /Users/erinknight/repos/new-hubot/node_modules/negotiator/package.json
260 verbose from cache /Users/erinknight/repos/new-hubot/node_modules/oauth-sign/package.json
261 verbose from cache /Users/erinknight/repos/new-hubot/node_modules/object-inspect/package.json
262 verbose from cache /Users/erinknight/repos/new-hubot/node_modules/on-finished/package.json
263 verbose from cache /Users/erinknight/repos/new-hubot/node_modules/options/package.json
264 verbose from cache /Users/erinknight/repos/new-hubot/node_modules/optparse/package.json
265 verbose from cache /Users/erinknight/repos/new-hubot/node_modules/parseurl/package.json
266 verbose from cache /Users/erinknight/repos/new-hubot/node_modules/path-to-regexp/package.json
267 verbose from cache /Users/erinknight/repos/new-hubot/node_modules/performance-now/package.json
268 verbose from cache /Users/erinknight/repos/new-hubot/node_modules/pkginfo/package.json
269 verbose from cache /Users/erinknight/repos/new-hubot/node_modules/proxy-addr/package.json
270 verbose from cache /Users/erinknight/repos/new-hubot/node_modules/psl/package.json
271 verbose from cache /Users/erinknight/repos/new-hubot/node_modules/punycode/package.json
272 verbose from cache /Users/erinknight/repos/new-hubot/node_modules/qs/package.json
273 verbose from cache /Users/erinknight/repos/new-hubot/node_modules/random-bytes/package.json
274 verbose from cache /Users/erinknight/repos/new-hubot/node_modules/range-parser/package.json
275 verbose from cache /Users/erinknight/repos/new-hubot/node_modules/raw-body/package.json
276 verbose from cache /Users/erinknight/repos/new-hubot/node_modules/redis/package.json
277 verbose from cache /Users/erinknight/repos/new-hubot/node_modules/request/package.json
278 verbose from cache /Users/erinknight/repos/new-hubot/node_modules/retry/package.json
279 verbose from cache /Users/erinknight/repos/new-hubot/node_modules/safe-buffer/package.json
280 verbose from cache /Users/erinknight/repos/new-hubot/node_modules/safer-buffer/package.json
281 verbose from cache /Users/erinknight/repos/new-hubot/node_modules/scoped-http-client/package.json
282 verbose from cache /Users/erinknight/repos/new-hubot/node_modules/send/package.json
283 verbose from cache /Users/erinknight/repos/new-hubot/node_modules/serve-static/package.json
284 verbose from cache /Users/erinknight/repos/new-hubot/node_modules/setprototypeof/package.json
285 verbose from cache /Users/erinknight/repos/new-hubot/node_modules/side-channel/package.json
286 verbose from cache /Users/erinknight/repos/new-hubot/node_modules/sshpk/package.json
287 verbose from cache /Users/erinknight/repos/new-hubot/node_modules/stack-trace/package.json
288 verbose from cache /Users/erinknight/repos/new-hubot/node_modules/statuses/package.json
289 verbose from cache /Users/erinknight/repos/new-hubot/node_modules/strip-ansi/package.json
290 verbose from cache /Users/erinknight/repos/new-hubot/node_modules/supports-color/package.json
291 verbose from cache /Users/erinknight/repos/new-hubot/node_modules/toidentifier/package.json
292 verbose from cache /Users/erinknight/repos/new-hubot/node_modules/tough-cookie/package.json
293 verbose from cache /Users/erinknight/repos/new-hubot/node_modules/tunnel-agent/package.json
294 verbose from cache /Users/erinknight/repos/new-hubot/node_modules/tweetnacl/package.json
295 verbose from cache /Users/erinknight/repos/new-hubot/node_modules/type-is/package.json
296 verbose from cache /Users/erinknight/repos/new-hubot/node_modules/uid-safe/package.json
297 verbose from cache /Users/erinknight/repos/new-hubot/node_modules/ultron/package.json
298 verbose from cache /Users/erinknight/repos/new-hubot/node_modules/unpipe/package.json
299 verbose from cache /Users/erinknight/repos/new-hubot/node_modules/uri-js/package.json
300 verbose from cache /Users/erinknight/repos/new-hubot/node_modules/url-join/package.json
301 verbose from cache /Users/erinknight/repos/new-hubot/node_modules/utils-merge/package.json
302 verbose from cache /Users/erinknight/repos/new-hubot/node_modules/uuid/package.json
303 verbose from cache /Users/erinknight/repos/new-hubot/node_modules/vary/package.json
304 verbose from cache /Users/erinknight/repos/new-hubot/node_modules/verror/package.json
305 verbose from cache /Users/erinknight/repos/new-hubot/node_modules/winston/package.json
306 verbose from cache /Users/erinknight/repos/new-hubot/node_modules/ws/package.json
307 verbose cache add [ 'hubot-rules@^1.0.0', null ]
308 verbose cache add name=undefined spec="hubot-rules@^1.0.0" args=["hubot-rules@^1.0.0",null]
309 verbose parsed url { protocol: null,
309 verbose parsed url   slashes: null,
309 verbose parsed url   auth: null,
309 verbose parsed url   host: null,
309 verbose parsed url   port: null,
309 verbose parsed url   hostname: null,
309 verbose parsed url   hash: null,
309 verbose parsed url   search: null,
309 verbose parsed url   query: null,
309 verbose parsed url   pathname: 'hubot-rules@^1.0.0',
309 verbose parsed url   path: 'hubot-rules@^1.0.0',
309 verbose parsed url   href: 'hubot-rules@^1.0.0' }
310 verbose cache add name="hubot-rules" spec="^1.0.0" args=["hubot-rules","^1.0.0"]
311 verbose parsed url { protocol: null,
311 verbose parsed url   slashes: null,
311 verbose parsed url   auth: null,
311 verbose parsed url   host: null,
311 verbose parsed url   port: null,
311 verbose parsed url   hostname: null,
311 verbose parsed url   hash: null,
311 verbose parsed url   search: null,
311 verbose parsed url   query: null,
311 verbose parsed url   pathname: '^1.0.0',
311 verbose parsed url   path: '^1.0.0',
311 verbose parsed url   href: '^1.0.0' }
312 verbose addNamed [ 'hubot-rules', '^1.0.0' ]
313 verbose addNamed [ null, null ]
314 verbose cache add [ 'hubot-pugme@^0.1.1', null ]
315 verbose cache add name=undefined spec="hubot-pugme@^0.1.1" args=["hubot-pugme@^0.1.1",null]
316 verbose parsed url { protocol: null,
316 verbose parsed url   slashes: null,
316 verbose parsed url   auth: null,
316 verbose parsed url   host: null,
316 verbose parsed url   port: null,
316 verbose parsed url   hostname: null,
316 verbose parsed url   hash: null,
316 verbose parsed url   search: null,
316 verbose parsed url   query: null,
316 verbose parsed url   pathname: 'hubot-pugme@^0.1.1',
316 verbose parsed url   path: 'hubot-pugme@^0.1.1',
316 verbose parsed url   href: 'hubot-pugme@^0.1.1' }
317 verbose cache add name="hubot-pugme" spec="^0.1.1" args=["hubot-pugme","^0.1.1"]
318 verbose parsed url { protocol: null,
318 verbose parsed url   slashes: null,
318 verbose parsed url   auth: null,
318 verbose parsed url   host: null,
318 verbose parsed url   port: null,
318 verbose parsed url   hostname: null,
318 verbose parsed url   hash: null,
318 verbose parsed url   search: null,
318 verbose parsed url   query: null,
318 verbose parsed url   pathname: '^0.1.1',
318 verbose parsed url   path: '^0.1.1',
318 verbose parsed url   href: '^0.1.1' }
319 verbose addNamed [ 'hubot-pugme', '^0.1.1' ]
320 verbose addNamed [ null, null ]
321 verbose cache add [ 'hubot-scripts@^2.17.2', null ]
322 verbose cache add name=undefined spec="hubot-scripts@^2.17.2" args=["hubot-scripts@^2.17.2",null]
323 verbose parsed url { protocol: null,
323 verbose parsed url   slashes: null,
323 verbose parsed url   auth: null,
323 verbose parsed url   host: null,
323 verbose parsed url   port: null,
323 verbose parsed url   hostname: null,
323 verbose parsed url   hash: null,
323 verbose parsed url   search: null,
323 verbose parsed url   query: null,
323 verbose parsed url   pathname: 'hubot-scripts@^2.17.2',
323 verbose parsed url   path: 'hubot-scripts@^2.17.2',
323 verbose parsed url   href: 'hubot-scripts@^2.17.2' }
324 verbose cache add name="hubot-scripts" spec="^2.17.2" args=["hubot-scripts","^2.17.2"]
325 verbose parsed url { protocol: null,
325 verbose parsed url   slashes: null,
325 verbose parsed url   auth: null,
325 verbose parsed url   host: null,
325 verbose parsed url   port: null,
325 verbose parsed url   hostname: null,
325 verbose parsed url   hash: null,
325 verbose parsed url   search: null,
325 verbose parsed url   query: null,
325 verbose parsed url   pathname: '^2.17.2',
325 verbose parsed url   path: '^2.17.2',
325 verbose parsed url   href: '^2.17.2' }
326 verbose addNamed [ 'hubot-scripts', '^2.17.2' ]
327 verbose addNamed [ null, null ]
328 verbose cache add [ 'hubot-redis-brain@^0.0.3', null ]
329 verbose cache add name=undefined spec="hubot-redis-brain@^0.0.3" args=["hubot-redis-brain@^0.0.3",null]
330 verbose parsed url { protocol: null,
330 verbose parsed url   slashes: null,
330 verbose parsed url   auth: null,
330 verbose parsed url   host: null,
330 verbose parsed url   port: null,
330 verbose parsed url   hostname: null,
330 verbose parsed url   hash: null,
330 verbose parsed url   search: null,
330 verbose parsed url   query: null,
330 verbose parsed url   pathname: 'hubot-redis-brain@^0.0.3',
330 verbose parsed url   path: 'hubot-redis-brain@^0.0.3',
330 verbose parsed url   href: 'hubot-redis-brain@^0.0.3' }
331 verbose cache add name="hubot-redis-brain" spec="^0.0.3" args=["hubot-redis-brain","^0.0.3"]
332 verbose parsed url { protocol: null,
332 verbose parsed url   slashes: null,
332 verbose parsed url   auth: null,
332 verbose parsed url   host: null,
332 verbose parsed url   port: null,
332 verbose parsed url   hostname: null,
332 verbose parsed url   hash: null,
332 verbose parsed url   search: null,
332 verbose parsed url   query: null,
332 verbose parsed url   pathname: '^0.0.3',
332 verbose parsed url   path: '^0.0.3',
332 verbose parsed url   href: '^0.0.3' }
333 verbose addNamed [ 'hubot-redis-brain', '^0.0.3' ]
334 verbose addNamed [ null, null ]
335 verbose cache add [ 'hubot-slack@^4.10.0', null ]
336 verbose cache add name=undefined spec="hubot-slack@^4.10.0" args=["hubot-slack@^4.10.0",null]
337 verbose parsed url { protocol: null,
337 verbose parsed url   slashes: null,
337 verbose parsed url   auth: null,
337 verbose parsed url   host: null,
337 verbose parsed url   port: null,
337 verbose parsed url   hostname: null,
337 verbose parsed url   hash: null,
337 verbose parsed url   search: null,
337 verbose parsed url   query: null,
337 verbose parsed url   pathname: 'hubot-slack@^4.10.0',
337 verbose parsed url   path: 'hubot-slack@^4.10.0',
337 verbose parsed url   href: 'hubot-slack@^4.10.0' }
338 verbose cache add name="hubot-slack" spec="^4.10.0" args=["hubot-slack","^4.10.0"]
339 verbose parsed url { protocol: null,
339 verbose parsed url   slashes: null,
339 verbose parsed url   auth: null,
339 verbose parsed url   host: null,
339 verbose parsed url   port: null,
339 verbose parsed url   hostname: null,
339 verbose parsed url   hash: null,
339 verbose parsed url   search: null,
339 verbose parsed url   query: null,
339 verbose parsed url   pathname: '^4.10.0',
339 verbose parsed url   path: '^4.10.0',
339 verbose parsed url   href: '^4.10.0' }
340 verbose addNamed [ 'hubot-slack', '^4.10.0' ]
341 verbose addNamed [ null, null ]
342 silly lockFile a4106bc3-hubot-rules-1-0-0 hubot-rules@^1.0.0
343 verbose lock hubot-rules@^1.0.0 /Users/erinknight/.npm/a4106bc3-hubot-rules-1-0-0.lock
344 verbose cache add [ 'hubot@^3.3.2', null ]
345 verbose cache add name=undefined spec="hubot@^3.3.2" args=["hubot@^3.3.2",null]
346 verbose parsed url { protocol: null,
346 verbose parsed url   slashes: null,
346 verbose parsed url   auth: null,
346 verbose parsed url   host: null,
346 verbose parsed url   port: null,
346 verbose parsed url   hostname: null,
346 verbose parsed url   hash: null,
346 verbose parsed url   search: null,
346 verbose parsed url   query: null,
346 verbose parsed url   pathname: 'hubot@^3.3.2',
346 verbose parsed url   path: 'hubot@^3.3.2',
346 verbose parsed url   href: 'hubot@^3.3.2' }
347 verbose cache add name="hubot" spec="^3.3.2" args=["hubot","^3.3.2"]
348 verbose parsed url { protocol: null,
348 verbose parsed url   slashes: null,
348 verbose parsed url   auth: null,
348 verbose parsed url   host: null,
348 verbose parsed url   port: null,
348 verbose parsed url   hostname: null,
348 verbose parsed url   hash: null,
348 verbose parsed url   search: null,
348 verbose parsed url   query: null,
348 verbose parsed url   pathname: '^3.3.2',
348 verbose parsed url   path: '^3.3.2',
348 verbose parsed url   href: '^3.3.2' }
349 verbose addNamed [ 'hubot', '^3.3.2' ]
350 verbose addNamed [ null, null ]
351 silly lockFile 5596d821-hubot-3-3-2 hubot@^3.3.2
352 verbose lock hubot@^3.3.2 /Users/erinknight/.npm/5596d821-hubot-3-3-2.lock
353 verbose cache add [ 'hubot-diagnostics@^1.0.0', null ]
354 verbose cache add name=undefined spec="hubot-diagnostics@^1.0.0" args=["hubot-diagnostics@^1.0.0",null]
355 verbose parsed url { protocol: null,
355 verbose parsed url   slashes: null,
355 verbose parsed url   auth: null,
355 verbose parsed url   host: null,
355 verbose parsed url   port: null,
355 verbose parsed url   hostname: null,
355 verbose parsed url   hash: null,
355 verbose parsed url   search: null,
355 verbose parsed url   query: null,
355 verbose parsed url   pathname: 'hubot-diagnostics@^1.0.0',
355 verbose parsed url   path: 'hubot-diagnostics@^1.0.0',
355 verbose parsed url   href: 'hubot-diagnostics@^1.0.0' }
356 verbose cache add name="hubot-diagnostics" spec="^1.0.0" args=["hubot-diagnostics","^1.0.0"]
357 verbose parsed url { protocol: null,
357 verbose parsed url   slashes: null,
357 verbose parsed url   auth: null,
357 verbose parsed url   host: null,
357 verbose parsed url   port: null,
357 verbose parsed url   hostname: null,
357 verbose parsed url   hash: null,
357 verbose parsed url   search: null,
357 verbose parsed url   query: null,
357 verbose parsed url   pathname: '^1.0.0',
357 verbose parsed url   path: '^1.0.0',
357 verbose parsed url   href: '^1.0.0' }
358 verbose addNamed [ 'hubot-diagnostics', '^1.0.0' ]
359 verbose addNamed [ null, null ]
360 silly lockFile 5cb74115-hubot-diagnostics-1-0-0 hubot-diagnostics@^1.0.0
361 verbose lock hubot-diagnostics@^1.0.0 /Users/erinknight/.npm/5cb74115-hubot-diagnostics-1-0-0.lock
362 silly lockFile 52a05c1f-hubot-pugme-0-1-1 hubot-pugme@^0.1.1
363 verbose lock hubot-pugme@^0.1.1 /Users/erinknight/.npm/52a05c1f-hubot-pugme-0-1-1.lock
364 silly lockFile 62ebef03-hubot-scripts-2-17-2 hubot-scripts@^2.17.2
365 verbose lock hubot-scripts@^2.17.2 /Users/erinknight/.npm/62ebef03-hubot-scripts-2-17-2.lock
366 silly lockFile 8ed98cdc-hubot-redis-brain-0-0-3 hubot-redis-brain@^0.0.3
367 verbose lock hubot-redis-brain@^0.0.3 /Users/erinknight/.npm/8ed98cdc-hubot-redis-brain-0-0-3.lock
368 info addNameTag [ 'hubot-rules', '^1.0.0' ]
369 info addNameTag [ 'hubot', '^3.3.2' ]
370 silly lockFile 48a4dcca-hubot-slack-4-10-0 hubot-slack@^4.10.0
371 verbose lock hubot-slack@^4.10.0 /Users/erinknight/.npm/48a4dcca-hubot-slack-4-10-0.lock
372 info addNameTag [ 'hubot-diagnostics', '^1.0.0' ]
373 info addNameTag [ 'hubot-pugme', '^0.1.1' ]
374 info addNameTag [ 'hubot-scripts', '^2.17.2' ]
375 info addNameTag [ 'hubot-redis-brain', '^0.0.3' ]
376 verbose url raw hubot-rules
377 verbose url resolving [ 'https://registry.npmjs.org/', './hubot-rules' ]
378 verbose url resolved https://registry.npmjs.org/hubot-rules
379 info trying registry request attempt 1 at 19:25:15
380 http GET https://registry.npmjs.org/hubot-rules
381 verbose cache add [ 'hubot-google-images@^0.2.7', null ]
382 verbose cache add name=undefined spec="hubot-google-images@^0.2.7" args=["hubot-google-images@^0.2.7",null]
383 verbose parsed url { protocol: null,
383 verbose parsed url   slashes: null,
383 verbose parsed url   auth: null,
383 verbose parsed url   host: null,
383 verbose parsed url   port: null,
383 verbose parsed url   hostname: null,
383 verbose parsed url   hash: null,
383 verbose parsed url   search: null,
383 verbose parsed url   query: null,
383 verbose parsed url   pathname: 'hubot-google-images@^0.2.7',
383 verbose parsed url   path: 'hubot-google-images@^0.2.7',
383 verbose parsed url   href: 'hubot-google-images@^0.2.7' }
384 verbose cache add name="hubot-google-images" spec="^0.2.7" args=["hubot-google-images","^0.2.7"]
385 verbose parsed url { protocol: null,
385 verbose parsed url   slashes: null,
385 verbose parsed url   auth: null,
385 verbose parsed url   host: null,
385 verbose parsed url   port: null,
385 verbose parsed url   hostname: null,
385 verbose parsed url   hash: null,
385 verbose parsed url   search: null,
385 verbose parsed url   query: null,
385 verbose parsed url   pathname: '^0.2.7',
385 verbose parsed url   path: '^0.2.7',
385 verbose parsed url   href: '^0.2.7' }
386 verbose addNamed [ 'hubot-google-images', '^0.2.7' ]
387 verbose addNamed [ null, null ]
388 silly lockFile 24b454ae-hubot-google-images-0-2-7 hubot-google-images@^0.2.7
389 verbose lock hubot-google-images@^0.2.7 /Users/erinknight/.npm/24b454ae-hubot-google-images-0-2-7.lock
390 verbose cache add [ 'hubot-google-translate@^0.2.1', null ]
391 verbose cache add name=undefined spec="hubot-google-translate@^0.2.1" args=["hubot-google-translate@^0.2.1",null]
392 verbose parsed url { protocol: null,
392 verbose parsed url   slashes: null,
392 verbose parsed url   auth: null,
392 verbose parsed url   host: null,
392 verbose parsed url   port: null,
392 verbose parsed url   hostname: null,
392 verbose parsed url   hash: null,
392 verbose parsed url   search: null,
392 verbose parsed url   query: null,
392 verbose parsed url   pathname: 'hubot-google-translate@^0.2.1',
392 verbose parsed url   path: 'hubot-google-translate@^0.2.1',
392 verbose parsed url   href: 'hubot-google-translate@^0.2.1' }
393 verbose cache add name="hubot-google-translate" spec="^0.2.1" args=["hubot-google-translate","^0.2.1"]
394 verbose parsed url { protocol: null,
394 verbose parsed url   slashes: null,
394 verbose parsed url   auth: null,
394 verbose parsed url   host: null,
394 verbose parsed url   port: null,
394 verbose parsed url   hostname: null,
394 verbose parsed url   hash: null,
394 verbose parsed url   search: null,
394 verbose parsed url   query: null,
394 verbose parsed url   pathname: '^0.2.1',
394 verbose parsed url   path: '^0.2.1',
394 verbose parsed url   href: '^0.2.1' }
395 verbose addNamed [ 'hubot-google-translate', '^0.2.1' ]
396 verbose addNamed [ null, null ]
397 silly lockFile 3fcfb140-hubot-google-translate-0-2-1 hubot-google-translate@^0.2.1
398 verbose lock hubot-google-translate@^0.2.1 /Users/erinknight/.npm/3fcfb140-hubot-google-translate-0-2-1.lock
399 verbose cache add [ 'hubot-help@^1.0.1', null ]
400 verbose cache add name=undefined spec="hubot-help@^1.0.1" args=["hubot-help@^1.0.1",null]
401 verbose parsed url { protocol: null,
401 verbose parsed url   slashes: null,
401 verbose parsed url   auth: null,
401 verbose parsed url   host: null,
401 verbose parsed url   port: null,
401 verbose parsed url   hostname: null,
401 verbose parsed url   hash: null,
401 verbose parsed url   search: null,
401 verbose parsed url   query: null,
401 verbose parsed url   pathname: 'hubot-help@^1.0.1',
401 verbose parsed url   path: 'hubot-help@^1.0.1',
401 verbose parsed url   href: 'hubot-help@^1.0.1' }
402 verbose cache add name="hubot-help" spec="^1.0.1" args=["hubot-help","^1.0.1"]
403 verbose parsed url { protocol: null,
403 verbose parsed url   slashes: null,
403 verbose parsed url   auth: null,
403 verbose parsed url   host: null,
403 verbose parsed url   port: null,
403 verbose parsed url   hostname: null,
403 verbose parsed url   hash: null,
403 verbose parsed url   search: null,
403 verbose parsed url   query: null,
403 verbose parsed url   pathname: '^1.0.1',
403 verbose parsed url   path: '^1.0.1',
403 verbose parsed url   href: '^1.0.1' }
404 verbose addNamed [ 'hubot-help', '^1.0.1' ]
405 verbose addNamed [ null, null ]
406 silly lockFile f0f89da8-hubot-help-1-0-1 hubot-help@^1.0.1
407 verbose lock hubot-help@^1.0.1 /Users/erinknight/.npm/f0f89da8-hubot-help-1-0-1.lock
408 verbose cache add [ 'hubot-heroku-keepalive@^1.0.3', null ]
409 verbose cache add name=undefined spec="hubot-heroku-keepalive@^1.0.3" args=["hubot-heroku-keepalive@^1.0.3",null]
410 verbose parsed url { protocol: null,
410 verbose parsed url   slashes: null,
410 verbose parsed url   auth: null,
410 verbose parsed url   host: null,
410 verbose parsed url   port: null,
410 verbose parsed url   hostname: null,
410 verbose parsed url   hash: null,
410 verbose parsed url   search: null,
410 verbose parsed url   query: null,
410 verbose parsed url   pathname: 'hubot-heroku-keepalive@^1.0.3',
410 verbose parsed url   path: 'hubot-heroku-keepalive@^1.0.3',
410 verbose parsed url   href: 'hubot-heroku-keepalive@^1.0.3' }
411 verbose cache add name="hubot-heroku-keepalive" spec="^1.0.3" args=["hubot-heroku-keepalive","^1.0.3"]
412 verbose parsed url { protocol: null,
412 verbose parsed url   slashes: null,
412 verbose parsed url   auth: null,
412 verbose parsed url   host: null,
412 verbose parsed url   port: null,
412 verbose parsed url   hostname: null,
412 verbose parsed url   hash: null,
412 verbose parsed url   search: null,
412 verbose parsed url   query: null,
412 verbose parsed url   pathname: '^1.0.3',
412 verbose parsed url   path: '^1.0.3',
412 verbose parsed url   href: '^1.0.3' }
413 verbose addNamed [ 'hubot-heroku-keepalive', '^1.0.3' ]
414 verbose addNamed [ null, null ]
415 silly lockFile fb6f1008-hubot-heroku-keepalive-1-0-3 hubot-heroku-keepalive@^1.0.3
416 verbose lock hubot-heroku-keepalive@^1.0.3 /Users/erinknight/.npm/fb6f1008-hubot-heroku-keepalive-1-0-3.lock
417 verbose cache add [ 'hubot-maps@^0.0.3', null ]
418 verbose cache add name=undefined spec="hubot-maps@^0.0.3" args=["hubot-maps@^0.0.3",null]
419 verbose parsed url { protocol: null,
419 verbose parsed url   slashes: null,
419 verbose parsed url   auth: null,
419 verbose parsed url   host: null,
419 verbose parsed url   port: null,
419 verbose parsed url   hostname: null,
419 verbose parsed url   hash: null,
419 verbose parsed url   search: null,
419 verbose parsed url   query: null,
419 verbose parsed url   pathname: 'hubot-maps@^0.0.3',
419 verbose parsed url   path: 'hubot-maps@^0.0.3',
419 verbose parsed url   href: 'hubot-maps@^0.0.3' }
420 verbose cache add name="hubot-maps" spec="^0.0.3" args=["hubot-maps","^0.0.3"]
421 verbose parsed url { protocol: null,
421 verbose parsed url   slashes: null,
421 verbose parsed url   auth: null,
421 verbose parsed url   host: null,
421 verbose parsed url   port: null,
421 verbose parsed url   hostname: null,
421 verbose parsed url   hash: null,
421 verbose parsed url   search: null,
421 verbose parsed url   query: null,
421 verbose parsed url   pathname: '^0.0.3',
421 verbose parsed url   path: '^0.0.3',
421 verbose parsed url   href: '^0.0.3' }
422 verbose addNamed [ 'hubot-maps', '^0.0.3' ]
423 verbose addNamed [ null, null ]
424 silly lockFile 576ac969-hubot-maps-0-0-3 hubot-maps@^0.0.3
425 verbose lock hubot-maps@^0.0.3 /Users/erinknight/.npm/576ac969-hubot-maps-0-0-3.lock
426 verbose url raw hubot
427 verbose url resolving [ 'https://registry.npmjs.org/', './hubot' ]
428 verbose url resolved https://registry.npmjs.org/hubot
429 info trying registry request attempt 1 at 19:25:15
430 http GET https://registry.npmjs.org/hubot
431 info addNameTag [ 'hubot-slack', '^4.10.0' ]
432 verbose url raw hubot-diagnostics
433 verbose url resolving [ 'https://registry.npmjs.org/', './hubot-diagnostics' ]
434 verbose url resolved https://registry.npmjs.org/hubot-diagnostics
435 info trying registry request attempt 1 at 19:25:15
436 http GET https://registry.npmjs.org/hubot-diagnostics
437 verbose url raw hubot-pugme
438 verbose url resolving [ 'https://registry.npmjs.org/', './hubot-pugme' ]
439 verbose url resolved https://registry.npmjs.org/hubot-pugme
440 info trying registry request attempt 1 at 19:25:15
441 http GET https://registry.npmjs.org/hubot-pugme
442 verbose url raw hubot-scripts
443 verbose url resolving [ 'https://registry.npmjs.org/', './hubot-scripts' ]
444 verbose url resolved https://registry.npmjs.org/hubot-scripts
445 info trying registry request attempt 1 at 19:25:15
446 http GET https://registry.npmjs.org/hubot-scripts
447 verbose url raw hubot-redis-brain
448 verbose url resolving [ 'https://registry.npmjs.org/', './hubot-redis-brain' ]
449 verbose url resolved https://registry.npmjs.org/hubot-redis-brain
450 info trying registry request attempt 1 at 19:25:15
451 http GET https://registry.npmjs.org/hubot-redis-brain
452 info addNameTag [ 'hubot-google-images', '^0.2.7' ]
453 info addNameTag [ 'hubot-google-translate', '^0.2.1' ]
454 info addNameTag [ 'hubot-help', '^1.0.1' ]
455 info addNameTag [ 'hubot-heroku-keepalive', '^1.0.3' ]
456 info addNameTag [ 'hubot-maps', '^0.0.3' ]
457 verbose url raw hubot-slack
458 verbose url resolving [ 'https://registry.npmjs.org/', './hubot-slack' ]
459 verbose url resolved https://registry.npmjs.org/hubot-slack
460 info trying registry request attempt 1 at 19:25:15
461 http GET https://registry.npmjs.org/hubot-slack
462 verbose url raw hubot-google-images
463 verbose url resolving [ 'https://registry.npmjs.org/', './hubot-google-images' ]
464 verbose url resolved https://registry.npmjs.org/hubot-google-images
465 info trying registry request attempt 1 at 19:25:15
466 http GET https://registry.npmjs.org/hubot-google-images
467 verbose url raw hubot-help
468 verbose url resolving [ 'https://registry.npmjs.org/', './hubot-help' ]
469 verbose url resolved https://registry.npmjs.org/hubot-help
470 info trying registry request attempt 1 at 19:25:15
471 http GET https://registry.npmjs.org/hubot-help
472 verbose url raw hubot-google-translate
473 verbose url resolving [ 'https://registry.npmjs.org/', './hubot-google-translate' ]
474 verbose url resolved https://registry.npmjs.org/hubot-google-translate
475 info trying registry request attempt 1 at 19:25:15
476 http GET https://registry.npmjs.org/hubot-google-translate
477 verbose url raw hubot-heroku-keepalive
478 verbose url resolving [ 'https://registry.npmjs.org/', './hubot-heroku-keepalive' ]
479 verbose url resolved https://registry.npmjs.org/hubot-heroku-keepalive
480 info trying registry request attempt 1 at 19:25:15
481 http GET https://registry.npmjs.org/hubot-heroku-keepalive
482 verbose url raw hubot-maps
483 verbose url resolving [ 'https://registry.npmjs.org/', './hubot-maps' ]
484 verbose url resolved https://registry.npmjs.org/hubot-maps
485 info trying registry request attempt 1 at 19:25:15
486 http GET https://registry.npmjs.org/hubot-maps
487 info retry will retry, error on last attempt: Error: CERT_UNTRUSTED
488 info retry will retry, error on last attempt: Error: CERT_UNTRUSTED
489 info retry will retry, error on last attempt: Error: CERT_UNTRUSTED
490 info retry will retry, error on last attempt: Error: CERT_UNTRUSTED
491 info retry will retry, error on last attempt: Error: CERT_UNTRUSTED
492 info retry will retry, error on last attempt: Error: CERT_UNTRUSTED
493 info retry will retry, error on last attempt: Error: CERT_UNTRUSTED
494 info retry will retry, error on last attempt: Error: CERT_UNTRUSTED
495 info retry will retry, error on last attempt: Error: CERT_UNTRUSTED
496 info retry will retry, error on last attempt: Error: CERT_UNTRUSTED
497 info retry will retry, error on last attempt: Error: CERT_UNTRUSTED
498 info retry will retry, error on last attempt: Error: CERT_UNTRUSTED
499 info trying registry request attempt 2 at 19:25:26
500 http GET https://registry.npmjs.org/hubot-diagnostics
501 info trying registry request attempt 2 at 19:25:26
502 http GET https://registry.npmjs.org/hubot
503 info trying registry request attempt 2 at 19:25:26
504 http GET https://registry.npmjs.org/hubot-rules
505 info trying registry request attempt 2 at 19:25:26
506 http GET https://registry.npmjs.org/hubot-scripts
507 info trying registry request attempt 2 at 19:25:26
508 http GET https://registry.npmjs.org/hubot-pugme
509 info trying registry request attempt 2 at 19:25:26
510 http GET https://registry.npmjs.org/hubot-redis-brain
511 info trying registry request attempt 2 at 19:25:26
512 http GET https://registry.npmjs.org/hubot-google-images
513 info trying registry request attempt 2 at 19:25:26
514 http GET https://registry.npmjs.org/hubot-slack
515 info trying registry request attempt 2 at 19:25:26
516 http GET https://registry.npmjs.org/hubot-help
517 info retry will retry, error on last attempt: Error: CERT_UNTRUSTED
518 info trying registry request attempt 2 at 19:25:26
519 http GET https://registry.npmjs.org/hubot-google-translate
520 info retry will retry, error on last attempt: Error: CERT_UNTRUSTED
521 info retry will retry, error on last attempt: Error: CERT_UNTRUSTED
522 info retry will retry, error on last attempt: Error: CERT_UNTRUSTED
523 info retry will retry, error on last attempt: Error: CERT_UNTRUSTED
524 info trying registry request attempt 2 at 19:25:26
525 http GET https://registry.npmjs.org/hubot-maps
526 info trying registry request attempt 2 at 19:25:26
527 http GET https://registry.npmjs.org/hubot-heroku-keepalive
528 info retry will retry, error on last attempt: Error: CERT_UNTRUSTED
529 info retry will retry, error on last attempt: Error: CERT_UNTRUSTED
530 info retry will retry, error on last attempt: Error: CERT_UNTRUSTED
531 info retry will retry, error on last attempt: Error: CERT_UNTRUSTED
532 info retry will retry, error on last attempt: Error: CERT_UNTRUSTED
533 info retry will retry, error on last attempt: Error: CERT_UNTRUSTED
534 info retry will retry, error on last attempt: Error: CERT_UNTRUSTED
535 info trying registry request attempt 3 at 19:26:26
536 http GET https://registry.npmjs.org/hubot-scripts
537 info trying registry request attempt 3 at 19:26:26
538 http GET https://registry.npmjs.org/hubot-rules
539 info trying registry request attempt 3 at 19:26:26
540 http GET https://registry.npmjs.org/hubot-diagnostics
541 info trying registry request attempt 3 at 19:26:26
542 http GET https://registry.npmjs.org/hubot
543 info trying registry request attempt 3 at 19:26:26
544 http GET https://registry.npmjs.org/hubot-pugme
545 info trying registry request attempt 3 at 19:26:26
546 http GET https://registry.npmjs.org/hubot-redis-brain
547 info trying registry request attempt 3 at 19:26:26
548 http GET https://registry.npmjs.org/hubot-slack
549 info trying registry request attempt 3 at 19:26:26
550 http GET https://registry.npmjs.org/hubot-google-images
551 info trying registry request attempt 3 at 19:26:26
552 http GET https://registry.npmjs.org/hubot-help
553 info trying registry request attempt 3 at 19:26:26
554 http GET https://registry.npmjs.org/hubot-google-translate
555 info trying registry request attempt 3 at 19:26:26
556 http GET https://registry.npmjs.org/hubot-maps
557 info trying registry request attempt 3 at 19:26:26
558 http GET https://registry.npmjs.org/hubot-heroku-keepalive
559 silly lockFile 52a05c1f-hubot-pugme-0-1-1 hubot-pugme@^0.1.1
560 silly lockFile 52a05c1f-hubot-pugme-0-1-1 hubot-pugme@^0.1.1
561 error Error: CERT_UNTRUSTED
561 error     at SecurePair.<anonymous> (tls.js:1271:32)
561 error     at SecurePair.EventEmitter.emit (events.js:92:17)
561 error     at SecurePair.maybeInitFinished (tls.js:883:10)
561 error     at CleartextStream.read [as _read] (tls.js:421:15)
561 error     at CleartextStream.Readable.read (_stream_readable.js:293:10)
561 error     at EncryptedStream.write [as _write] (tls.js:330:25)
561 error     at doWrite (_stream_writable.js:211:10)
561 error     at writeOrBuffer (_stream_writable.js:201:5)
561 error     at EncryptedStream.Writable.write (_stream_writable.js:172:11)
561 error     at write (_stream_readable.js:547:24)
561 error     at flow (_stream_readable.js:556:7)
561 error     at Socket.pipeOnReadable (_stream_readable.js:588:5)
562 error If you need help, you may report this log at:
562 error     <http://github.com/isaacs/npm/issues>
562 error or email it to:
562 error     <npm-@googlegroups.com>
563 error System Darwin 20.6.0
564 error command "/Users/erinknight/.nvm/v0.10.0/bin/node" "/Users/erinknight/.nvm/v0.10.0/bin/npm" "install"
565 error cwd /Users/erinknight/repos/new-hubot
566 error node -v v0.10.0
567 error npm -v 1.2.14
568 verbose exit [ 1, true ]
